<?xml version="1.0" encoding="UTF-8"?>
<testsuite xmlns:xsi="http://www.w3.org/2001/XMLSchema-instance" xsi:noNamespaceSchemaLocation="https://maven.apache.org/surefire/maven-surefire-plugin/xsd/surefire-test-report.xsd" name="sample.actuator.ui.SampleActuatorUiApplicationTests" time="2.585" tests="4" errors="0" skipped="0" failures="0">
  <properties>
[...]
</properties>
  <testcase name="testCss" classname="sample.actuator.ui.SampleActuatorUiApplicationTests" time="0.039"/>
  <testcase name="testError" classname="sample.actuator.ui.SampleActuatorUiApplicationTests" time="0.451"/>
  <testcase name="testHome" classname="sample.actuator.ui.SampleActuatorUiApplicationTests" time="0.023"/>
  <testcase name="testMetrics" classname="sample.actuator.ui.SampleActuatorUiApplicationTests" time="0.021"/>
</testsuite>